c:\users\phant\desktop\shooting-2\soloud\release\soloud.pdb
c:\users\phant\desktop\shooting-2\soloud\release\soloud_oss.obj
c:\users\phant\desktop\shooting-2\soloud\release\soloud_opensles.obj
c:\users\phant\desktop\shooting-2\soloud\release\soloud_null.obj
c:\users\phant\desktop\shooting-2\soloud\release\soloud_coreaudio.obj
c:\users\phant\desktop\shooting-2\soloud\release\soloud_wavstream.obj
c:\users\phant\desktop\shooting-2\soloud\release\soloud_wav.obj
c:\users\phant\desktop\shooting-2\soloud\release\dr_impl.obj
c:\users\phant\desktop\shooting-2\soloud\release\soloud_vizsn.obj
c:\users\phant\desktop\shooting-2\soloud\release\soloud_vic.obj
c:\users\phant\desktop\shooting-2\soloud\release\ted.obj
c:\users\phant\desktop\shooting-2\soloud\release\soloud_tedsid.obj
c:\users\phant\desktop\shooting-2\soloud\release\sid.obj
c:\users\phant\desktop\shooting-2\soloud\release\tts.obj
c:\users\phant\desktop\shooting-2\soloud\release\soloud_speech.obj
c:\users\phant\desktop\shooting-2\soloud\release\resonator.obj
c:\users\phant\desktop\shooting-2\soloud\release\klatt.obj
c:\users\phant\desktop\shooting-2\soloud\release\darray.obj
c:\users\phant\desktop\shooting-2\soloud\release\soloud_sfxr.obj
c:\users\phant\desktop\shooting-2\soloud\release\soloud_openmpt.obj
c:\users\phant\desktop\shooting-2\soloud\release\soloud_monotone.obj
c:\users\phant\desktop\shooting-2\soloud\release\soloud_fader.obj
c:\users\phant\desktop\shooting-2\soloud\release\soloud_core_voiceops.obj
c:\users\phant\desktop\shooting-2\soloud\release\soloud_core_voicegroup.obj
c:\users\phant\desktop\shooting-2\soloud\release\soloud_core_setters.obj
c:\users\phant\desktop\shooting-2\soloud\release\soloud_core_getters.obj
c:\users\phant\desktop\shooting-2\soloud\release\soloud_core_filterops.obj
c:\users\phant\desktop\shooting-2\soloud\release\soloud_core_faderops.obj
c:\users\phant\desktop\shooting-2\soloud\release\soloud_core_basicops.obj
c:\users\phant\desktop\shooting-2\soloud\release\soloud_core_3d.obj
c:\users\phant\desktop\shooting-2\soloud\release\soloud_bus.obj
c:\users\phant\desktop\shooting-2\soloud\release\soloud_audiosource.obj
c:\users\phant\desktop\shooting-2\soloud\release\soloud.obj
c:\users\phant\desktop\shooting-2\soloud\release\soloud_xaudio2.obj
c:\users\phant\desktop\shooting-2\soloud\release\soloud_winmm.obj
c:\users\phant\desktop\shooting-2\soloud\release\soloud_wasapi.obj
c:\users\phant\desktop\shooting-2\soloud\release\soloud_sdl_static.obj
c:\users\phant\desktop\shooting-2\soloud\release\soloud_sdl2.obj
c:\users\phant\desktop\shooting-2\soloud\release\soloud_sdl1.obj
c:\users\phant\desktop\shooting-2\soloud\release\soloud_sdl2_static.obj
c:\users\phant\desktop\shooting-2\soloud\release\soloud_portaudio.obj
c:\users\phant\desktop\shooting-2\soloud\release\sanity.obj
c:\users\phant\desktop\shooting-2\soloud\release\main.obj
c:\users\phant\desktop\shooting-2\soloud\release\soloud_waveshaperfilter.obj
c:\users\phant\desktop\shooting-2\soloud\release\soloud_robotizefilter.obj
c:\users\phant\desktop\shooting-2\soloud\release\soloud_lofifilter.obj
c:\users\phant\desktop\shooting-2\soloud\release\soloud_flangerfilter.obj
c:\users\phant\desktop\shooting-2\soloud\release\soloud_fftfilter.obj
c:\users\phant\desktop\shooting-2\soloud\release\soloud_echofilter.obj
c:\users\phant\desktop\shooting-2\soloud\release\soloud_dcremovalfilter.obj
c:\users\phant\desktop\shooting-2\soloud\release\soloud_biquadresonantfilter.obj
c:\users\phant\desktop\shooting-2\soloud\release\soloud_bassboostfilter.obj
c:\users\phant\desktop\shooting-2\soloud\release\soloud_c.obj
c:\users\phant\desktop\shooting-2\soloud\release\soloud_thread.obj
c:\users\phant\desktop\shooting-2\soloud\release\soloud_queue.obj
c:\users\phant\desktop\shooting-2\soloud\release\soloud_filter.obj
c:\users\phant\desktop\shooting-2\soloud\release\soloud_file.obj
c:\users\phant\desktop\shooting-2\soloud\release\soloud_fft_lut.obj
c:\users\phant\desktop\shooting-2\soloud\release\soloud_fft.obj
c:\users\phant\desktop\shooting-2\soloud\release\tedsound.obj
c:\users\phant\desktop\shooting-2\soloud\release\tedplay.obj
c:\users\phant\desktop\shooting-2\soloud\release\tedmem.obj
c:\users\phant\desktop\shooting-2\soloud\release\cpu.obj
c:\users\phant\desktop\shooting-2\soloud\release\cbmtune.obj
c:\users\phant\desktop\shooting-2\soloud\release\stb_image_write.obj
c:\users\phant\desktop\shooting-2\soloud\release\soloud_sdl2_dll.obj
c:\users\phant\desktop\shooting-2\soloud\release\soloud_sdl1_dll.obj
c:\users\phant\desktop\shooting-2\soloud\release\soloud_portaudio_dll.obj
c:\users\phant\desktop\shooting-2\soloud\release\stb_vorbis.obj
c:\users\phant\desktop\shooting-2\soloud\release\soloud_openmpt_dll.obj
c:\users\phant\desktop\shooting-2\soloud\release\soloud.lib
c:\users\phant\desktop\shooting-2\soloud\release\soloud.tlog\cl.command.1.tlog
c:\users\phant\desktop\shooting-2\soloud\release\soloud.tlog\cl.read.1.tlog
c:\users\phant\desktop\shooting-2\soloud\release\soloud.tlog\cl.write.1.tlog
c:\users\phant\desktop\shooting-2\soloud\release\soloud.tlog\lib-link.read.1.tlog
c:\users\phant\desktop\shooting-2\soloud\release\soloud.tlog\lib-link.write.1.tlog
c:\users\phant\desktop\shooting-2\soloud\release\soloud.tlog\lib.command.1.tlog
