c:\users\phant\desktop\shooting-2\trainingframework\release-nvidia\vc142.pdb
c:\users\phant\desktop\shooting-2\trainingframework\release-nvidia\gscredit.obj
c:\users\phant\desktop\shooting-2\trainingframework\release-nvidia\gamestatemachine.obj
c:\users\phant\desktop\shooting-2\trainingframework\release-nvidia\gamestatebase.obj
c:\users\phant\desktop\shooting-2\trainingframework\release-nvidia\texture.obj
c:\users\phant\desktop\shooting-2\trainingframework\release-nvidia\text.obj
c:\users\phant\desktop\shooting-2\trainingframework\release-nvidia\spritesheet.obj
c:\users\phant\desktop\shooting-2\trainingframework\release-nvidia\shaders.obj
c:\users\phant\desktop\shooting-2\trainingframework\release-nvidia\models.obj
c:\users\phant\desktop\shooting-2\trainingframework\release-nvidia\sprite3d.obj
c:\users\phant\desktop\shooting-2\trainingframework\release-nvidia\camera.obj
c:\users\phant\desktop\shooting-2\trainingframework\release-nvidia\sprite2d.obj
c:\users\phant\desktop\shooting-2\trainingframework\release-nvidia\player.obj
c:\users\phant\desktop\shooting-2\trainingframework\release-nvidia\gamebutton.obj
c:\users\phant\desktop\shooting-2\trainingframework\release-nvidia\font.obj
c:\users\phant\desktop\shooting-2\trainingframework\release-nvidia\explosiveeffect.obj
c:\users\phant\desktop\shooting-2\trainingframework\release-nvidia\enemy.obj
c:\users\phant\desktop\shooting-2\trainingframework\release-nvidia\bullet.obj
c:\users\phant\desktop\shooting-2\trainingframework\release-nvidia\soundmanager.obj
c:\users\phant\desktop\shooting-2\trainingframework\release-nvidia\resourcemanagers.obj
c:\users\phant\desktop\shooting-2\trainingframework\release-nvidia\application.obj
c:\users\phant\desktop\shooting-2\trainingframework\release-nvidia\trainingframework.obj
c:\users\phant\desktop\shooting-2\trainingframework\release-nvidia\gsvictory.obj
c:\users\phant\desktop\shooting-2\trainingframework\release-nvidia\gssetting.obj
c:\users\phant\desktop\shooting-2\trainingframework\release-nvidia\gsplay.obj
c:\users\phant\desktop\shooting-2\trainingframework\release-nvidia\gsmenu.obj
c:\users\phant\desktop\shooting-2\trainingframework\release-nvidia\gsintro.obj
c:\users\phant\desktop\shooting-2\trainingframework\release-nvidia\gsgameover.obj
c:\users\phant\desktop\shooting-2\bin-nvidia\trainingframework.exe
c:\users\phant\desktop\shooting-2\bin-nvidia\trainingframework.pdb
c:\users\phant\desktop\shooting-2\bin-nvidia\trainingframework.ipdb
c:\users\phant\desktop\shooting-2\bin-nvidia\trainingframework.iobj
c:\users\phant\desktop\shooting-2\\bin-nvidia\trainingframework.pdb
c:\users\phant\desktop\shooting-2\\bin-nvidia\trainingframework.exe
c:\users\phant\desktop\shooting-2\trainingframework\release-nvidia\training.fc024ec8.tlog\cl.command.1.tlog
c:\users\phant\desktop\shooting-2\trainingframework\release-nvidia\training.fc024ec8.tlog\cl.read.1.tlog
c:\users\phant\desktop\shooting-2\trainingframework\release-nvidia\training.fc024ec8.tlog\cl.write.1.tlog
c:\users\phant\desktop\shooting-2\trainingframework\release-nvidia\training.fc024ec8.tlog\link.command.1.tlog
c:\users\phant\desktop\shooting-2\trainingframework\release-nvidia\training.fc024ec8.tlog\link.read.1.tlog
c:\users\phant\desktop\shooting-2\trainingframework\release-nvidia\training.fc024ec8.tlog\link.write.1.tlog
c:\users\phant\desktop\shooting-2\trainingframework\release-nvidia\training.fc024ec8.tlog\trainingframework.write.1u.tlog
